500
0
1
eji-a 7
1
2
ejj-b 1
a-b 2
2
1
b-c 5
3
2
ejj-d 1
c-d 3
4
1
d-e 5
5
2
e-f 2
ejj-f 1
6
1
f-g 7
7
2
g-h 1
ejj-h 2
8
1
h-i 11
9
2
i-j 11
ejj-j 1
10
1
j-ba 9
11
2
ejj-bb 1
ba-bb 2
12
1
bb-bc 11
13
2
ejj-bd 1
bc-bd 2
14
1
bd-be 7
15
2
be-bf 3
ejj-bf 1
16
1
bf-bg 10
17
2
bg-bh 5
ejj-bh 1
18
1
bh-bi 9
19
2
bi-bj 2
ejj-bj 1
20
1
bj-ca 7
21
2
ca-cb 2
ejj-cb 1
22
1
cb-cc 6
23
2
ejj-cd 2
cc-cd 1
24
1
cd-ce 5
25
2
ce-cf 1
ejj-cf 2
26
1
cf-cg 9
27
2
cg-ch 2
ejj-ch 1
28
1
ch-ci 9
29
2
ejj-cj 1
ci-cj 2
30
1
cj-da 9
31
2
ejj-db 1
da-db 3
32
1
db-dc 16
33
2
dc-dd 6
ejj-dd 1
34
1
dd-de 11
35
2
de-df 4
ejj-df 1
36
1
df-dg 11
37
2
dg-dh 2
ejj-dh 1
38
1
dh-di 9
39
2
ejj-dj 1
di-dj 2
40
1
dj-ea 10
41
2
ea-eb 11
ejj-eb 1
42
1
eb-ec 10
43
2
ec-ed 11
ejj-ed 1
44
1
ed-ee 10
45
2
ee-ef 6
ejj-ef 1
46
1
ef-eg 5
47
2
ejj-eh 4
eg-eh 1
48
1
eh-ei 8
49
2
ejj-ej 1
ei-ej 3
50
1
ej-fa 14
51
2
fa-fb 12
ejj-fb 1
52
1
fb-fc 10
53
1
fc-fd 7
54
1
fd-fe 5
55
2
fe-ff 2
ejj-ff 2
56
1
ff-fg 4
57
2
fg-fh 2
ejj-fh 2
58
1
fh-fi 7
59
2
ejj-fj 1
fi-fj 2
60
1
fj-ga 8
61
2
ejj-gb 3
ga-gb 1
62
1
gb-gc 9
63
2
gc-gd 2
ejj-gd 1
64
1
gd-ge 10
65
2
ge-gf 12
ejj-gf 1
66
1
gf-gg 10
67
2
gg-gh 3
ejj-gh 1
68
1
gh-gi 11
69
2
ejj-gj 1
gi-gj 4
70
1
gj-ha 13
71
2
ha-hb 3
ejj-hb 1
72
1
hb-hc 15
73
2
hc-hd 4
ejj-hd 1
74
1
hd-he 11
75
2
he-hf 4
ejj-hf 1
76
1
hf-hg 9
77
2
hg-hh 2
ejj-hh 1
78
1
hh-hi 6
79
2
ejj-hj 2
hi-hj 2
80
1
hj-ia 4
81
2
ia-ib 3
ejj-ib 1
82
1
ib-ic 7
83
2
ic-id 2
ejj-id 1
84
1
id-ie 8
85
2
ie-if 3
ejj-if 1
86
1
if-ig 6
87
2
ig-ih 3
ejj-ih 1
88
1
ih-ii 3
89
2
ejj-ij 3
ii-ij 1
90
1
ij-ja 6
91
2
ejj-jb 1
ja-jb 3
92
1
jb-jc 8
93
2
ejj-jd 1
jc-jd 5
94
1
jd-je 10
95
2
je-jf 4
ejj-jf 1
96
1
jf-jg 10
97
2
ejj-jh 1
jg-jh 2
98
1
jh-ji 14
99
2
ji-jj 11
ejj-jj 1
100
1
jj-baa 11
101
2
ejj-bab 1
baa-bab 5
102
1
bab-bac 7
103
2
ejj-bad 1
bac-bad 4
104
1
bad-bae 7
105
2
bae-baf 2
ejj-baf 1
106
1
baf-bag 9
107
2
ejj-bah 1
bag-bah 2
108
1
bah-bai 9
109
2
bai-baj 3
ejj-baj 1
110
1
baj-bba 8
111
2
bba-bbb 3
ejj-bbb 1
112
1
bbb-bbc 7
113
2
bbc-bbd 6
ejj-bbd 1
114
1
bbd-bbe 5
115
2
bbe-bbf 4
ejj-bbf 1
116
1
bbf-bbg 4
117
2
ejj-bbh 3
bbg-bbh 1
118
1
bbh-bbi 3
119
2
bbi-bbj 2
ejj-bbj 1
120
1
bbj-bca 3
121
2
ejj-bcb 2
bca-bcb 1
122
1
bcb-bcc 4
123
2
ejj-bcd 3
bcc-bcd 1
124
1
bcd-bce 5
125
2
ejj-bcf 1
bce-bcf 5
126
1
bcf-bcg 4
127
2
ejj-bch 1
bcg-bch 3
128
1
bch-bci 4
129
2
ejj-bcj 2
bci-bcj 1
130
1
bcj-bda 5
131
2
bda-bdb 2
ejj-bdb 1
132
1
bdb-bdc 7
133
2
bdc-bdd 2
ejj-bdd 1
134
1
bdd-bde 12
135
2
bde-bdf 4
ejj-bdf 1
136
1
bdf-bdg 11
137
2
ejj-bdh 1
bdg-bdh 5
138
1
bdh-bdi 9
139
2
bdi-bdj 3
ejj-bdj 1
140
1
bdj-bea 11
141
2
bea-beb 2
ejj-beb 1
142
1
beb-bec 9
143
2
bec-bed 2
ejj-bed 2
144
1
bed-bee 6
145
2
ejj-bef 1
bee-bef 2
146
1
bef-beg 7
147
2
beg-beh 5
ejj-beh 1
148
1
beh-bei 8
149
2
ejj-bej 1
bei-bej 2
150
1
bej-bfa 9
151
2
ejj-bfb 1
bfa-bfb 4
152
1
bfb-bfc 7
153
2
bfc-bfd 3
ejj-bfd 1
154
1
bfd-bfe 7
155
2
ejj-bff 1
bfe-bff 2
156
1
bff-bfg 9
157
2
ejj-bfh 1
bfg-bfh 2
158
1
bfh-bfi 8
159
2
bfi-bfj 4
ejj-bfj 1
160
1
bfj-bga 6
161
1
bga-bgb 5
162
1
bgb-bgc 5
163
2
ejj-bgd 1
bgc-bgd 2
164
1
bgd-bge 6
165
2
ejj-bgf 2
bge-bgf 1
166
1
bgf-bgg 6
167
2
ejj-bgh 1
bgg-bgh 2
168
1
bgh-bgi 9
169
2
bgi-bgj 9
ejj-bgj 1
170
1
bgj-bha 6
171
2
bha-bhb 6
ejj-bhb 1
172
1
bhb-bhc 11
173
2
bhc-bhd 12
ejj-bhd 1
174
1
bhd-bhe 9
175
2
bhe-bhf 2
ejj-bhf 1
176
1
bhf-bhg 7
177
2
ejj-bhh 4
bhg-bhh 1
178
1
bhh-bhi 8
179
2
bhi-bhj 7
ejj-bhj 1
180
1
bhj-bia 8
181
2
ejj-bib 1
bia-bib 2
182
1
bib-bic 5
183
2
bic-bid 2
ejj-bid 1
184
1
bid-bie 5
185
2
bie-bif 2
ejj-bif 1
186
1
bif-big 10
187
2
big-bih 3
ejj-bih 1
188
1
bih-bii 8
189
2
ejj-bij 2
bii-bij 2
190
1
bij-bja 12
191
2
bja-bjb 5
ejj-bjb 1
192
1
bjb-bjc 14
193
2
bjc-bjd 3
ejj-bjd 1
194
1
bjd-bje 14
195
2
bje-bjf 13
ejj-bjf 1
196
1
bjf-bjg 9
197
2
bjg-bjh 5
ejj-bjh 1
198
1
bjh-bji 7
199
2
ejj-bjj 1
bji-bjj 7
200
1
bjj-caa 10
201
2
caa-cab 5
ejj-cab 1
202
1
cab-cac 7
203
2
ejj-cad 1
cac-cad 2
204
1
cad-cae 8
205
2
ejj-caf 1
cae-caf 3
206
1
caf-cag 3
207
1
cag-cah 2
208
1
cah-cai 2
209
2
cai-caj 2
ejj-caj 1
210
1
caj-cba 5
211
2
cba-cbb 3
ejj-cbb 1
212
1
cbb-cbc 2
213
2
cbc-cbd 3
ejj-cbd 1
214
1
cbd-cbe 5
215
2
cbe-cbf 2
ejj-cbf 1
216
1
cbf-cbg 3
217
2
ejj-cbh 2
cbg-cbh 1
218
1
cbh-cbi 8
219
2
cbi-cbj 3
ejj-cbj 1
220
1
cbj-cca 11
221
2
cca-ccb 3
ejj-ccb 1
222
1
ccb-ccc 10
223
2
ccc-ccd 4
ejj-ccd 1
224
1
ccd-cce 12
225
2
cce-ccf 2
ejj-ccf 1
226
1
ccf-ccg 8
227
2
ccg-cch 5
ejj-cch 1
228
1
cch-cci 11
229
2
ejj-ccj 1
cci-ccj 2
230
1
ccj-cda 11
231
2
cda-cdb 2
ejj-cdb 1
232
1
cdb-cdc 7
233
2
ejj-cdd 1
cdc-cdd 2
234
1
cdd-cde 11
235
2
cde-cdf 5
ejj-cdf 1
236
1
cdf-cdg 11
237
2
cdg-cdh 5
ejj-cdh 1
238
1
cdh-cdi 9
239
2
cdi-cdj 1
ejj-cdj 2
240
1
cdj-cea 15
241
2
cea-ceb 4
ejj-ceb 1
242
1
ceb-cec 11
243
2
cec-ced 3
ejj-ced 1
244
1
ced-cee 12
245
2
ejj-cef 1
cee-cef 2
246
1
cef-ceg 9
247
2
ceg-ceh 8
ejj-ceh 1
248
1
ceh-cei 7
249
1
cei-cej 6
250
1
cej-cfa 6
251
2
ejj-cfb 1
cfa-cfb 3
252
1
cfb-cfc 3
253
2
ejj-cfd 2
cfc-cfd 1
254
1
cfd-cfe 4
255
2
ejj-cff 2
cfe-cff 2
256
1
cff-cfg 7
257
2
cfg-cfh 4
ejj-cfh 1
258
1
cfh-cfi 8
259
2
ejj-cfj 1
cfi-cfj 2
260
1
cfj-cga 9
261
2
cga-cgb 8
ejj-cgb 1
262
1
cgb-cgc 8
263
2
ejj-cgd 3
cgc-cgd 1
264
1
cgd-cge 13
265
2
cge-cgf 5
ejj-cgf 1
266
1
cgf-cgg 10
267
2
cgg-cgh 6
ejj-cgh 1
268
1
cgh-cgi 5
269
1
cgi-cgj 4
270
1
cgj-cha 4
271
2
ejj-chb 2
cha-chb 1
272
1
chb-chc 9
273
2
chc-chd 2
ejj-chd 2
274
1
chd-che 8
275
2
che-chf 2
ejj-chf 1
276
1
chf-chg 13
277
2
chg-chh 10
ejj-chh 1
278
1
chh-chi 7
279
2
ejj-chj 1
chi-chj 2
280
1
chj-cia 12
281
2
cia-cib 6
ejj-cib 1
282
1
cib-cic 20
283
2
cic-cid 15
ejj-cid 1
284
1
cid-cie 11
285
2
cie-cif 5
ejj-cif 1
286
1
cif-cig 8
287
2
cig-cih 3
ejj-cih 1
288
1
cih-cii 8
289
1
cii-cij 7
290
1
cij-cja 7
291
2
ejj-cjb 1
cja-cjb 3
292
1
cjb-cjc 8
293
2
cjc-cjd 3
ejj-cjd 1
294
1
cjd-cje 8
295
2
cje-cjf 1
ejj-cjf 2
296
1
cjf-cjg 5
297
2
cjg-cjh 2
ejj-cjh 1
298
1
cjh-cji 7
299
2
ejj-cjj 1
cji-cjj 2
300
1
cjj-daa 8
301
1
daa-dab 4
302
1
dab-dac 4
303
2
ejj-dad 1
dac-dad 2
304
1
dad-dae 8
305
2
dae-daf 5
ejj-daf 1
306
1
daf-dag 10
307
2
dag-dah 2
ejj-dah 2
308
1
dah-dai 12
309
2
dai-daj 3
ejj-daj 1
310
1
daj-dba 15
311
2
ejj-dbb 2
dba-dbb 2
312
1
dbb-dbc 11
313
2
dbc-dbd 4
ejj-dbd 1
314
1
dbd-dbe 8
315
2
ejj-dbf 1
dbe-dbf 5
316
1
dbf-dbg 8
317
2
dbg-dbh 4
ejj-dbh 1
318
1
dbh-dbi 8
319
2
dbi-dbj 5
ejj-dbj 1
320
1
dbj-dca 13
321
2
dca-dcb 2
ejj-dcb 1
322
1
dcb-dcc 10
323
2
dcc-dcd 12
ejj-dcd 1
324
1
dcd-dce 7
325
2
dce-dcf 6
ejj-dcf 1
326
1
dcf-dcg 7
327
2
dcg-dch 2
ejj-dch 1
328
1
dch-dci 7
329
2
dci-dcj 2
ejj-dcj 1
330
1
dcj-dda 8
331
2
ejj-ddb 1
dda-ddb 3
332
1
ddb-ddc 12
333
2
ddc-ddd 10
ejj-ddd 1
334
1
ddd-dde 9
335
2
dde-ddf 2
ejj-ddf 1
336
1
ddf-ddg 9
337
1
ddg-ddh 8
338
1
ddh-ddi 7
339
2
ejj-ddj 1
ddi-ddj 2
340
1
ddj-dea 4
341
2
dea-deb 1
ejj-deb 2
342
1
deb-dec 7
343
2
dec-ded 1
ejj-ded 2
344
1
ded-dee 11
345
2
dee-def 4
ejj-def 1
346
1
def-deg 12
347
2
deg-deh 7
ejj-deh 1
348
1
deh-dei 8
349
2
dei-dej 5
ejj-dej 1
350
1
dej-dfa 4
351
1
dfa-dfb 6
352
1
dfb-dfc 5
353
1
dfc-dfd 3
354
1
dfd-dfe 1
355
2
dfe-dff 4
ejj-dff 1
356
1
dff-dfg 4
357
2
ejj-dfh 1
dfg-dfh 2
358
1
dfh-dfi 9
359
2
dfi-dfj 2
ejj-dfj 1
360
1
dfj-dga 13
361
2
ejj-dgb 1
dga-dgb 3
362
1
dgb-dgc 10
363
2
dgc-dgd 3
ejj-dgd 1
364
1
dgd-dge 14
365
2
ejj-dgf 1
dge-dgf 3
366
1
dgf-dgg 12
367
2
dgg-dgh 5
ejj-dgh 1
368
1
dgh-dgi 13
369
2
ejj-dgj 1
dgi-dgj 3
370
1
dgj-dha 13
371
2
dha-dhb 5
ejj-dhb 1
372
1
dhb-dhc 11
373
2
dhc-dhd 2
ejj-dhd 1
374
1
dhd-dhe 12
375
2
dhe-dhf 2
ejj-dhf 1
376
1
dhf-dhg 14
377
2
ejj-dhh 1
dhg-dhh 3
378
1
dhh-dhi 11
379
2
dhi-dhj 10
ejj-dhj 1
380
1
dhj-dia 9
381
2
dia-dib 7
ejj-dib 1
382
1
dib-dic 8
383
2
ejj-did 2
dic-did 2
384
1
did-die 11
385
2
ejj-dif 1
die-dif 8
386
1
dif-dig 7
387
2
ejj-dih 1
dig-dih 2
388
1
dih-dii 13
389
2
dii-dij 5
ejj-dij 1
390
1
dij-dja 14
391
2
dja-djb 2
ejj-djb 1
392
1
djb-djc 13
393
2
djc-djd 6
ejj-djd 1
394
1
djd-dje 12
395
1
dje-djf 12
396
1
djf-djg 8
397
2
djg-djh 2
ejj-djh 2
398
1
djh-dji 6
399
2
ejj-djj 1
dji-djj 4
400
1
djj-eaa 10
401
2
eaa-eab 8
ejj-eab 1
402
1
eab-eac 8
403
2
eac-ead 3
ejj-ead 1
404
1
ead-eae 8
405
2
eae-eaf 2
ejj-eaf 2
406
1
eaf-eag 8
407
2
eag-eah 5
ejj-eah 1
408
1
eah-eai 8
409
2
ejj-eaj 2
eai-eaj 2
410
1
eaj-eba 13
411
2
eba-ebb 6
ejj-ebb 1
412
1
ebb-ebc 15
413
2
ebc-ebd 4
ejj-ebd 1
414
1
ebd-ebe 16
415
2
ebe-ebf 4
ejj-ebf 1
416
1
ebf-ebg 14
417
2
ebg-ebh 2
ejj-ebh 1
418
1
ebh-ebi 13
419
2
ebi-ebj 4
ejj-ebj 1
420
1
ebj-eca 12
421
2
eca-ecb 4
ejj-ecb 1
422
1
ecb-ecc 7
423
2
ecc-ecd 3
ejj-ecd 1
424
1
ecd-ece 8
425
2
ece-ecf 3
ejj-ecf 1
426
1
ecf-ecg 8
427
2
ecg-ech 4
ejj-ech 1
428
1
ech-eci 6
429
2
eci-ecj 3
ejj-ecj 1
430
1
ecj-eda 7
431
2
eda-edb 1
ejj-edb 2
432
1
edb-edc 9
433
2
ejj-edd 1
edc-edd 3
434
1
edd-ede 12
435
2
ejj-edf 1
ede-edf 5
436
1
edf-edg 9
437
2
edg-edh 2
ejj-edh 1
438
1
edh-edi 9
439
2
ejj-edj 1
edi-edj 3
440
1
edj-eea 7
441
2
eea-eeb 2
ejj-eeb 2
442
1
eeb-eec 9
443
2
eec-eed 4
ejj-eed 1
444
1
eed-eee 7
445
2
eee-eef 3
ejj-eef 1
446
1
eef-eeg 9
447
2
ejj-eeh 1
eeg-eeh 2
448
1
eeh-eei 5
449
1
eei-eej 3
450
1
eej-efa 2
451
2
efa-efb 4
ejj-efb 1
452
1
efb-efc 5
453
2
ejj-efd 2
efc-efd 1
454
1
efd-efe 9
455
2
ejj-eff 1
efe-eff 2
456
1
eff-efg 9
457
2
ejj-efh 1
efg-efh 3
458
1
efh-efi 11
459
2
efi-efj 3
ejj-efj 1
460
1
efj-ega 10
461
2
ega-egb 4
ejj-egb 1
462
1
egb-egc 7
463
2
egc-egd 6
ejj-egd 1
464
1
egd-ege 5
465
2
ege-egf 2
ejj-egf 2
466
1
egf-egg 4
467
2
ejj-egh 4
egg-egh 1
468
1
egh-egi 7
469
2
egi-egj 6
ejj-egj 1
470
1
egj-eha 5
471
2
eha-ehb 2
ejj-ehb 1
472
1
ehb-ehc 12
473
2
ehc-ehd 5
ejj-ehd 1
474
1
ehd-ehe 10
475
2
ehe-ehf 3
ejj-ehf 1
476
1
ehf-ehg 8
477
2
ehg-ehh 4
ejj-ehh 1
478
1
ehh-ehi 7
479
2
ehi-ehj 2
ejj-ehj 1
480
1
ehj-eia 8
481
2
eia-eib 4
ejj-eib 1
482
1
eib-eic 7
483
2
eic-eid 4
ejj-eid 1
484
1
eid-eie 6
485
2
ejj-eif 1
eie-eif 5
486
1
eif-eig 4
487
1
eig-eih 4
488
1
eih-eii 7
489
2
eii-eij 1
ejj-eij 2
490
1
eij-eja 10
491
2
ejj-ejb 1
eja-ejb 2
492
1
ejb-ejc 9
493
2
ejc-ejd 2
ejj-ejd 1
494
1
ejd-eje 12
495
2
eje-ejf 3
ejj-ejf 1
496
1
ejf-ejg 12
497
2
ejg-ejh 3
ejj-ejh 1
498
1
ejh-eji 11
499
221
i-ejj 1
eja-ejj 1
be-ejj 1
hi-ejj 1
hg-ejj 1
eii-ejj 1
bha-ejj 1
dfc-ejj 1
ege-ejj 1
ecc-ejj 1
cic-ejj 1
chg-ejj 1
bdc-ejj 1
je-ejj 1
dda-ejj 1
eg-ejj 1
dge-ejj 1
cae-ejj 1
bei-ejj 1
cg-ejj 1
gi-ejj 1
dee-ejj 1
dg-ejj 1
cfa-ejj 1
bhg-ejj 1
egc-ejj 1
dea-ejj 1
dca-ejj 1
ca-ejj 1
cde-ejj 1
bhe-ejj 1
bda-ejj 1
bac-ejj 1
cci-ejj 1
bbc-ejj 1
bie-ejj 1
ic-ejj 1
ig-ejj 1
dae-ejj 1
ejc-ejj 1
caa-ejj 1
edi-ejj 1
fc-ejj 1
dcg-ejj 1
cea-ejj 1
bee-ejj 1
dag-ejj 1
djg-ejj 1
bi-ejj 1
ehi-ejj 1
bag-ejj 1
eda-ejj 1
big-ejj 1
cdi-ejj 1
baa-ejj 1
bea-ejj 1
dia-ejj 1
bbg-ejj 1
dhe-ejj 1
bgi-ejj 1
egg-ejj 1
ee-ejj 1
eci-ejj 1
cgg-ejj 1
dde-ejj 1
ehg-ejj 1
dhg-ejj 1
cfi-ejj 1
cjg-ejj 1
dha-ejj 1
eca-ejj 1
ece-ejj 1
ba-ejj 1
dhc-ejj 1
bia-ejj 1
ebg-ejj 1
cee-ejj 1
ie-ejj 1
eeg-ejj 1
he-ejj 1
cca-ejj 1
eji-ejj 1
efa-ejj 1
cie-ejj 1
eie-ejj 1
cia-ejj 1
cha-ejj 1
chc-ejj 1
bde-ejj 1
dja-ejj 1
ji-ejj 1
che-ejj 1
bec-ejj 1
ccg-ejj 1
eac-ejj 1
die-ejj 1
cje-ejj 1
efe-ejj 1
fi-ejj 1
eag-ejj 1
ga-ejj 1
ebe-ejj 1
dji-ejj 1
cc-ejj 1
bbe-ejj 1
dbg-ejj 1
bae-ejj 1
ec-ejj 1
efc-ejj 1
bgc-ejj 1
dei-ejj 1
bc-ejj 1
bjg-ejj 1
bge-ejj 1
cge-ejj 1
cdg-ejj 1
cda-ejj 1
cii-ejj 1
cbe-ejj 1
dba-ejj 1
dii-ejj 1
ede-ejj 1
eei-ejj 1
eia-ejj 1
daa-ejj 1
dfg-ejj 1
dga-ejj 1
bga-ejj 1
dfi-ejj 1
eig-ejj 1
eae-ejj 1
cji-ejj 1
dac-ejj 1
fe-ejj 1
dce-ejj 1
cac-ejj 1
cfg-ejj 1
ccc-ejj 1
ehe-ejj 1
ci-ejj 1
eaa-ejj 1
cgi-ejj 1
cig-ejj 1
bje-ejj 1
bgg-ejj 1
eic-ejj 1
cei-ejj 1
eje-ejj 1
fa-ejj 1
dje-ejj 1
bba-ejj 1
dic-ejj 1
eai-ejj 1
bcc-ejj 1
bdi-ejj 1
ja-ejj 1
efi-ejj 1
cbg-ejj 1
bhc-ejj 1
ha-ejj 1
bcg-ejj 1
cja-ejj 1
eha-ejj 1
egi-ejj 1
dcc-ejj 1
ddi-ejj 1
bii-ejj 1
jc-ejj 1
eea-ejj 1
gc-ejj 1
bhi-ejj 1
bfc-ejj 1
bjc-ejj 1
edg-ejj 1
dai-ejj 1
ddc-ejj 1
dc-ejj 1
bfa-ejj 1
bic-ejj 1
ge-ejj 1
eee-ejj 1
ddg-ejj 1
djc-ejj 1
e-ejj 1
cfc-ejj 1
de-ejj 1
bai-ejj 1
g-ejj 1
bfi-ejj 1
a-ejj 1
cjc-ejj 1
eba-ejj 1
ehc-ejj 1
dec-ejj 1
hc-ejj 1
ce-ejj 1
ceg-ejj 1
bfe-ejj 1
beg-ejj 1
jg-ejj 1
fg-ejj 1
bfg-ejj 1
di-ejj 1
ebc-ejj 1
dhi-ejj 1
edc-ejj 1
ejg-ejj 1
ecg-ejj 1
dig-ejj 1
gg-ejj 1
ebi-ejj 1
cbc-ejj 1
cgc-ejj 1
cdc-ejj 1
dci-ejj 1
bci-ejj 1
cec-ejj 1
bdg-ejj 1
ia-ejj 1
dgi-ejj 1
bja-ejj 1